Optimizing (standard.keepLines) CSS file: D:/Shared/Desktop/Projects/Nubrid/Nubrid.Mobile/www/css/jquery.mobile.css
Optimizing (standard.keepLines) CSS file: D:/Shared/Desktop/Projects/Nubrid/Nubrid.Mobile/www/css/styles.css

Tracing dependencies for: main

Tracing dependencies for: apps/home/App

Tracing dependencies for: apps/todos/App

Tracing dependencies for: apps/poc/App

Tracing dependencies for: apps/AppManager

Tracing dependencies for: apps/common/Dispatcher

Tracing dependencies for: apps/common/View

Tracing dependencies for: entities/Todo

Tracing dependencies for: apps/AppManager

Tracing dependencies for: apps/common/Dispatcher

Tracing dependencies for: apps/common/View

Tracing dependencies for: entities/Todo

Tracing dependencies for: apps/AppManager

Tracing dependencies for: apps/common/Dispatcher

Tracing dependencies for: apps/common/View

Tracing dependencies for: entities/Todo
Uglify2 file: D:/Shared/Desktop/Projects/Nubrid/Nubrid.Mobile/www/js/apps/home/App.js
Uglify2 file: D:/Shared/Desktop/Projects/Nubrid/Nubrid.Mobile/www/js/apps/poc/App.js
Uglify2 file: D:/Shared/Desktop/Projects/Nubrid/Nubrid.Mobile/www/js/apps/todos/App.js
Uglify2 file: D:/Shared/Desktop/Projects/Nubrid/Nubrid.Mobile/www/js/main.js

css/jquery.mobile.css
----------------
css/jquery.mobile.css

css/styles.css
----------------
css/jquery.mobile.css
css/styles.css

js/main.js
----------------
js/require.config.js
js/main.js
js/apps/AppManager.js
js/app.js
js/apps/common/Dispatcher.js
js/apps/common/View.js
js/entities/Common.js
js/entities/Todo.js

js/apps/home/App.js
----------------
js/apps/home/App.js
js/apps/home/show/View.js
js/apps/home/show/Controller.js

js/apps/todos/App.js
----------------
js/apps/todos/App.js
js/apps/todos/list/View.js
js/apps/todos/list/Controller.js

js/apps/poc/App.js
----------------
js/apps/poc/App.js
js/apps/poc/list/View.js
js/apps/todos/App.js
js/apps/poc/list/Controller.js

